[2014-11-14 16:57:51] myapp.CRITICAL: UnexpectedValueException: The Response content must be a string or object implementing __toString(), "boolean" given. (uncaught exception) at /home/innova/htdocs/kinephone-api/vendor/symfony/http-foundation/Symfony/Component/HttpFoundation/Response.php line 404 {"exception":"[object] (UnexpectedValueException: The Response content must be a string or object implementing __toString(), \"boolean\" given. at /home/innova/htdocs/kinephone-api/vendor/symfony/http-foundation/Symfony/Component/HttpFoundation/Response.php:404)"} []
[2014-11-14 17:00:28] myapp.CRITICAL: UnexpectedValueException: The Response content must be a string or object implementing __toString(), "boolean" given. (uncaught exception) at /home/innova/htdocs/kinephone-api/vendor/symfony/http-foundation/Symfony/Component/HttpFoundation/Response.php line 404 {"exception":"[object] (UnexpectedValueException: The Response content must be a string or object implementing __toString(), \"boolean\" given. at /home/innova/htdocs/kinephone-api/vendor/symfony/http-foundation/Symfony/Component/HttpFoundation/Response.php:404)"} []
[2014-11-14 17:01:44] myapp.CRITICAL: UnexpectedValueException: The Response content must be a string or object implementing __toString(), "boolean" given. (uncaught exception) at /home/innova/htdocs/kinephone-api/vendor/symfony/http-foundation/Symfony/Component/HttpFoundation/Response.php line 404 {"exception":"[object] (UnexpectedValueException: The Response content must be a string or object implementing __toString(), \"boolean\" given. at /home/innova/htdocs/kinephone-api/vendor/symfony/http-foundation/Symfony/Component/HttpFoundation/Response.php:404)"} []
[2014-11-14 17:08:53] myapp.CRITICAL: UnexpectedValueException: The Response content must be a string or object implementing __toString(), "boolean" given. (uncaught exception) at /home/innova/htdocs/kinephone-api/vendor/symfony/http-foundation/Symfony/Component/HttpFoundation/Response.php line 404 {"exception":"[object] (UnexpectedValueException: The Response content must be a string or object implementing __toString(), \"boolean\" given. at /home/innova/htdocs/kinephone-api/vendor/symfony/http-foundation/Symfony/Component/HttpFoundation/Response.php:404)"} []
[2014-11-14 17:13:51] myapp.CRITICAL: UnexpectedValueException: The Response content must be a string or object implementing __toString(), "boolean" given. (uncaught exception) at /home/innova/htdocs/kinephone-api/vendor/symfony/http-foundation/Symfony/Component/HttpFoundation/Response.php line 404 {"exception":"[object] (UnexpectedValueException: The Response content must be a string or object implementing __toString(), \"boolean\" given. at /home/innova/htdocs/kinephone-api/vendor/symfony/http-foundation/Symfony/Component/HttpFoundation/Response.php:404)"} []
[2014-11-14 17:14:19] myapp.CRITICAL: LogicException: The controller must return a response (null given). Did you forget to add a return statement somewhere in your controller? (uncaught exception) at /home/innova/htdocs/kinephone-api/vendor/symfony/http-kernel/Symfony/Component/HttpKernel/HttpKernel.php line 163 {"exception":"[object] (LogicException: The controller must return a response (null given). Did you forget to add a return statement somewhere in your controller? at /home/innova/htdocs/kinephone-api/vendor/symfony/http-kernel/Symfony/Component/HttpKernel/HttpKernel.php:163)"} []
[2014-11-14 17:20:44] myapp.CRITICAL: UnexpectedValueException: The Response content must be a string or object implementing __toString(), "boolean" given. (uncaught exception) at /home/innova/htdocs/kinephone-api/vendor/symfony/http-foundation/Symfony/Component/HttpFoundation/Response.php line 404 {"exception":"[object] (UnexpectedValueException: The Response content must be a string or object implementing __toString(), \"boolean\" given. at /home/innova/htdocs/kinephone-api/vendor/symfony/http-foundation/Symfony/Component/HttpFoundation/Response.php:404)"} []
[2014-11-17 11:07:23] myapp.ERROR: KINEPHONE ERROR :: No language or associated table found for language id [0] and table id [0]. WITH CODE :: 1 [] []
[2014-11-17 11:09:15] myapp.ERROR: KINEPHONE ERROR :: No language or associated table found for language id [0] and table id [0]. WITH CODE :: 1 [] []
[2014-11-17 11:10:04] myapp.ERROR: KINEPHONE ERROR :: No language or associated table found for language id [0] and table id [0]. WITH CODE :: 1 [] []
[2014-11-17 11:19:50] myapp.ERROR: KINEPHONE ERROR :: No language or associated table found for language id [0] and table id [0]. WITH CODE :: 1 [] []
[2014-11-20 11:44:19] myapp.ERROR: KINEPHONE ERROR :: No language or associated table found for language id [1] and table id [0]. WITH CODE :: 1 [] []
[2014-11-20 12:20:20] myapp.ERROR: Symfony\Component\HttpKernel\Exception\NotFoundHttpException: No route found for "GET /kinephones/tables/1/params/" (from "http://localhost/innova/kinephone/") (uncaught exception) at /home/innova/htdocs/kinephone-api/vendor/symfony/http-kernel/Symfony/Component/HttpKernel/EventListener/RouterListener.php line 145 {"exception":"[object] (Symfony\\Component\\HttpKernel\\Exception\\NotFoundHttpException: No route found for \"GET /kinephones/tables/1/params/\" (from \"http://localhost/innova/kinephone/\") at /home/innova/htdocs/kinephone-api/vendor/symfony/http-kernel/Symfony/Component/HttpKernel/EventListener/RouterListener.php:145, Symfony\\Component\\Routing\\Exception\\ResourceNotFoundException:  at /home/innova/htdocs/kinephone-api/vendor/symfony/routing/Symfony/Component/Routing/Matcher/UrlMatcher.php:96)"} []
[2014-11-20 12:20:52] myapp.ERROR: Symfony\Component\HttpKernel\Exception\MethodNotAllowedHttpException: No route found for "GET /kinephones/tables/1/params/:tid": Method Not Allowed (Allow: PUT) (uncaught exception) at /home/innova/htdocs/kinephone-api/vendor/symfony/http-kernel/Symfony/Component/HttpKernel/EventListener/RouterListener.php line 149 {"exception":"[object] (Symfony\\Component\\HttpKernel\\Exception\\MethodNotAllowedHttpException: No route found for \"GET /kinephones/tables/1/params/:tid\": Method Not Allowed (Allow: PUT) at /home/innova/htdocs/kinephone-api/vendor/symfony/http-kernel/Symfony/Component/HttpKernel/EventListener/RouterListener.php:149, Symfony\\Component\\Routing\\Exception\\MethodNotAllowedException:  at /home/innova/htdocs/kinephone-api/vendor/symfony/routing/Symfony/Component/Routing/Matcher/UrlMatcher.php:95)"} []
[2014-11-20 16:36:38] myapp.ERROR: KINEPHONE ERROR :: No language or associated table found for language id [1] and table id [0]. WITH CODE :: 1 [] []
[2014-11-20 16:36:41] myapp.ERROR: KINEPHONE ERROR :: No language or associated table found for language id [1] and table id [0]. WITH CODE :: 1 [] []
[2014-11-20 16:36:45] myapp.ERROR: KINEPHONE ERROR :: No language or associated table found for language id [1] and table id [0]. WITH CODE :: 1 [] []
[2014-11-20 16:36:46] myapp.ERROR: KINEPHONE ERROR :: No language or associated table found for language id [1] and table id [0]. WITH CODE :: 1 [] []
[2014-11-20 16:36:46] myapp.ERROR: KINEPHONE ERROR :: No language or associated table found for language id [1] and table id [0]. WITH CODE :: 1 [] []
[2014-11-20 16:36:46] myapp.ERROR: KINEPHONE ERROR :: No language or associated table found for language id [1] and table id [0]. WITH CODE :: 1 [] []
[2014-11-20 16:36:47] myapp.ERROR: KINEPHONE ERROR :: No language or associated table found for language id [1] and table id [0]. WITH CODE :: 1 [] []
[2014-11-20 16:36:47] myapp.ERROR: KINEPHONE ERROR :: No language or associated table found for language id [1] and table id [0]. WITH CODE :: 1 [] []
[2014-11-20 16:36:47] myapp.ERROR: KINEPHONE ERROR :: No language or associated table found for language id [1] and table id [0]. WITH CODE :: 1 [] []
[2014-11-20 16:38:20] myapp.ERROR: KINEPHONE ERROR :: No language or associated table found for language id [1] and table id [0]. WITH CODE :: 1 [] []
[2014-11-20 18:46:10] myapp.ERROR: Symfony\Component\HttpKernel\Exception\NotFoundHttpException: No route found for "PUT /kinephones/tablecccccs/2/params/2" (from "http://localhost/innova/kinephone/") (uncaught exception) at /home/innova/htdocs/kinephone-api/vendor/symfony/http-kernel/Symfony/Component/HttpKernel/EventListener/RouterListener.php line 145 {"exception":"[object] (Symfony\\Component\\HttpKernel\\Exception\\NotFoundHttpException: No route found for \"PUT /kinephones/tablecccccs/2/params/2\" (from \"http://localhost/innova/kinephone/\") at /home/innova/htdocs/kinephone-api/vendor/symfony/http-kernel/Symfony/Component/HttpKernel/EventListener/RouterListener.php:145, Symfony\\Component\\Routing\\Exception\\ResourceNotFoundException:  at /home/innova/htdocs/kinephone-api/vendor/symfony/routing/Symfony/Component/Routing/Matcher/UrlMatcher.php:96)"} []
[2014-11-20 18:47:00] myapp.ERROR: Symfony\Component\HttpKernel\Exception\NotFoundHttpException: No route found for "PUT /kinephones/tables/20145params/qscqccsc" (from "http://localhost/innova/kinephone/") (uncaught exception) at /home/innova/htdocs/kinephone-api/vendor/symfony/http-kernel/Symfony/Component/HttpKernel/EventListener/RouterListener.php line 145 {"exception":"[object] (Symfony\\Component\\HttpKernel\\Exception\\NotFoundHttpException: No route found for \"PUT /kinephones/tables/20145params/qscqccsc\" (from \"http://localhost/innova/kinephone/\") at /home/innova/htdocs/kinephone-api/vendor/symfony/http-kernel/Symfony/Component/HttpKernel/EventListener/RouterListener.php:145, Symfony\\Component\\Routing\\Exception\\ResourceNotFoundException:  at /home/innova/htdocs/kinephone-api/vendor/symfony/routing/Symfony/Component/Routing/Matcher/UrlMatcher.php:96)"} []
[2014-11-20 18:53:35] myapp.ERROR: EXCEPTION :: Error Array [] []
[2014-11-20 18:54:20] myapp.ERROR: EXCEPTION :: Error Array [] []
[2014-11-20 18:56:14] myapp.ERROR: EXCEPTION :: Error Array [] []
[2014-11-20 18:57:36] myapp.ERROR: EXCEPTION :: Error Array [] []
[2014-11-20 18:57:36] myapp.ERROR: EXCEPTION :: Error Array [] []
[2014-11-20 18:58:47] myapp.ERROR: EXCEPTION :: Error Array [] []
[2014-11-20 19:00:58] myapp.ERROR: EXCEPTION :: Error Array [] []
[2014-11-20 19:03:20] myapp.ERROR: EXCEPTION :: Error Array [] []
[2014-11-20 19:03:52] myapp.ERROR: EXCEPTION :: Error Array [] []
[2014-11-20 19:06:51] myapp.ERROR: EXCEPTION :: Error Array [] []
[2014-11-20 19:09:20] myapp.ERROR: EXCEPTION :: Error Array [] []
[2014-11-20 19:10:18] myapp.ERROR: EXCEPTION :: Error Array [] []
[2014-11-20 19:10:35] myapp.ERROR: EXCEPTION :: Error Array [] []
